CRITICAL - 2024-07-18 15:59:29 --> ErrorException: Undefined array key "id_usuario"
[Method: POST, Route: update]
in APPPATH\Controllers\usuario_controller.php on line 71.
 1 APPPATH\Controllers\usuario_controller.php(71): CodeIgniter\Debug\Exceptions->errorHandler(2, 'Undefined array key "id_usuario"', 'C:\\xampp\\htdocs\\ProT3_42309639\\app\\Controllers\\usuario_controller.php', 71)
 2 SYSTEMPATH\CodeIgniter.php(933): App\Controllers\usuario_controller->update()
 3 SYSTEMPATH\CodeIgniter.php(509): CodeIgniter\CodeIgniter->runController(Object(App\Controllers\usuario_controller))
 4 SYSTEMPATH\CodeIgniter.php(355): CodeIgniter\CodeIgniter->handleRequest(null, Object(Config\Cache), false)
 5 SYSTEMPATH\Boot.php(325): CodeIgniter\CodeIgniter->run()
 6 SYSTEMPATH\Boot.php(67): CodeIgniter\Boot::runCodeIgniter(Object(CodeIgniter\CodeIgniter))
 7 FCPATH\index.php(56): CodeIgniter\Boot::bootWeb(Object(Config\Paths))
CRITICAL - 2024-07-18 16:00:26 --> ErrorException: Array to string conversion
[Method: POST, Route: update]
in APPPATH\Controllers\usuario_controller.php on line 101.
 1 APPPATH\Controllers\usuario_controller.php(101): CodeIgniter\Debug\Exceptions->errorHandler(2, 'Array to string conversion', 'C:\\xampp\\htdocs\\ProT3_42309639\\app\\Controllers\\usuario_controller.php', 101)
 2 SYSTEMPATH\CodeIgniter.php(933): App\Controllers\usuario_controller->update()
 3 SYSTEMPATH\CodeIgniter.php(509): CodeIgniter\CodeIgniter->runController(Object(App\Controllers\usuario_controller))
 4 SYSTEMPATH\CodeIgniter.php(355): CodeIgniter\CodeIgniter->handleRequest(null, Object(Config\Cache), false)
 5 SYSTEMPATH\Boot.php(325): CodeIgniter\CodeIgniter->run()
 6 SYSTEMPATH\Boot.php(67): CodeIgniter\Boot::runCodeIgniter(Object(CodeIgniter\CodeIgniter))
 7 FCPATH\index.php(56): CodeIgniter\Boot::bootWeb(Object(Config\Paths))
CRITICAL - 2024-07-18 22:31:40 --> ErrorException: Undefined variable $usuario
[Method: GET, Route: edit/5]
in APPPATH\Views\back\usuario\edit.php on line 11.
 1 APPPATH\Views\back\usuario\edit.php(11): CodeIgniter\Debug\Exceptions->errorHandler(2, 'Undefined variable $usuario', 'C:\\xampp\\htdocs\\ProT3_42309639\\app\\Views\\back\\usuario\\edit.php', 11)
 2 SYSTEMPATH\View\View.php(234): include('C:\\xampp\\htdocs\\ProT3_42309639\\app\\Views\\back\\usuario\\edit.php')
 3 SYSTEMPATH\View\View.php(237): CodeIgniter\View\View->CodeIgniter\View\{closure}()
 4 SYSTEMPATH\Common.php(1171): CodeIgniter\View\View->render('back/usuario/edit', [], true)
 5 APPPATH\Controllers\usuario_controller.php(50): view('back/usuario/edit', [...])
 6 SYSTEMPATH\CodeIgniter.php(933): App\Controllers\usuario_controller->edit('5')
 7 SYSTEMPATH\CodeIgniter.php(509): CodeIgniter\CodeIgniter->runController(Object(App\Controllers\usuario_controller))
 8 SYSTEMPATH\CodeIgniter.php(355): CodeIgniter\CodeIgniter->handleRequest(null, Object(Config\Cache), false)
 9 SYSTEMPATH\Boot.php(325): CodeIgniter\CodeIgniter->run()
10 SYSTEMPATH\Boot.php(67): CodeIgniter\Boot::runCodeIgniter(Object(CodeIgniter\CodeIgniter))
11 FCPATH\index.php(56): CodeIgniter\Boot::bootWeb(Object(Config\Paths))
CRITICAL - 2024-07-18 22:32:08 --> ErrorException: Undefined variable $usuario
[Method: GET, Route: edit/6]
in APPPATH\Views\back\usuario\edit.php on line 11.
 1 APPPATH\Views\back\usuario\edit.php(11): CodeIgniter\Debug\Exceptions->errorHandler(2, 'Undefined variable $usuario', 'C:\\xampp\\htdocs\\ProT3_42309639\\app\\Views\\back\\usuario\\edit.php', 11)
 2 SYSTEMPATH\View\View.php(234): include('C:\\xampp\\htdocs\\ProT3_42309639\\app\\Views\\back\\usuario\\edit.php')
 3 SYSTEMPATH\View\View.php(237): CodeIgniter\View\View->CodeIgniter\View\{closure}()
 4 SYSTEMPATH\Common.php(1171): CodeIgniter\View\View->render('back/usuario/edit', [], true)
 5 APPPATH\Controllers\usuario_controller.php(50): view('back/usuario/edit', [...])
 6 SYSTEMPATH\CodeIgniter.php(933): App\Controllers\usuario_controller->edit('6')
 7 SYSTEMPATH\CodeIgniter.php(509): CodeIgniter\CodeIgniter->runController(Object(App\Controllers\usuario_controller))
 8 SYSTEMPATH\CodeIgniter.php(355): CodeIgniter\CodeIgniter->handleRequest(null, Object(Config\Cache), false)
 9 SYSTEMPATH\Boot.php(325): CodeIgniter\CodeIgniter->run()
10 SYSTEMPATH\Boot.php(67): CodeIgniter\Boot::runCodeIgniter(Object(CodeIgniter\CodeIgniter))
11 FCPATH\index.php(56): CodeIgniter\Boot::bootWeb(Object(Config\Paths))
